c:\users\kesem\source\repos\‏‏‏‏‏‏pac-man-v2\pac-man\x64\debug\vc142.pdb
c:\users\kesem\source\repos\‏‏‏‏‏‏pac-man-v2\pac-man\x64\debug\vc142.idb
c:\users\kesem\source\repos\‏‏‏‏‏‏pac-man-v2\pac-man\x64\debug\pacman.obj
c:\users\kesem\source\repos\‏‏‏‏‏‏pac-man-v2\pac-man\x64\debug\noviceghost.obj
c:\users\kesem\source\repos\‏‏‏‏‏‏pac-man-v2\pac-man\x64\debug\menu.obj
c:\users\kesem\source\repos\‏‏‏‏‏‏pac-man-v2\pac-man\x64\debug\main.obj
c:\users\kesem\source\repos\‏‏‏‏‏‏pac-man-v2\pac-man\x64\debug\goodghost.obj
c:\users\kesem\source\repos\‏‏‏‏‏‏pac-man-v2\pac-man\x64\debug\gameobject.obj
c:\users\kesem\source\repos\‏‏‏‏‏‏pac-man-v2\pac-man\x64\debug\game.obj
c:\users\kesem\source\repos\‏‏‏‏‏‏pac-man-v2\pac-man\x64\debug\fruit.obj
c:\users\kesem\source\repos\‏‏‏‏‏‏pac-man-v2\pac-man\x64\debug\files.obj
c:\users\kesem\source\repos\‏‏‏‏‏‏pac-man-v2\pac-man\x64\debug\board.obj
c:\users\kesem\source\repos\‏‏‏‏‏‏pac-man-v2\pac-man\x64\debug\bestghost.obj
c:\users\kesem\source\repos\‏‏‏‏‏‏pac-man-v2\x64\debug\pac-man.exe
c:\users\kesem\source\repos\‏‏‏‏‏‏pac-man-v2\pac-man\x64\debug\pac-man.ilk
c:\users\kesem\source\repos\‏‏‏‏‏‏pac-man-v2\x64\debug\pac-man.pdb
c:\users\kesem\source\repos\‏‏‏‏‏‏pac-man-v2\pac-man\x64\debug\pac-man.tlog\cl.command.1.tlog
c:\users\kesem\source\repos\‏‏‏‏‏‏pac-man-v2\pac-man\x64\debug\pac-man.tlog\cl.read.1.tlog
c:\users\kesem\source\repos\‏‏‏‏‏‏pac-man-v2\pac-man\x64\debug\pac-man.tlog\cl.write.1.tlog
c:\users\kesem\source\repos\‏‏‏‏‏‏pac-man-v2\pac-man\x64\debug\pac-man.tlog\link.command.1.tlog
c:\users\kesem\source\repos\‏‏‏‏‏‏pac-man-v2\pac-man\x64\debug\pac-man.tlog\link.read.1.tlog
c:\users\kesem\source\repos\‏‏‏‏‏‏pac-man-v2\pac-man\x64\debug\pac-man.tlog\link.write.1.tlog
